app/build/outputs/logs/manifest-merger-debug-report.txt
-- Merging decision tree log ---
manifest
ADDED from AndroidManifest.xml:1:1
	xmlns:android
		ADDED from AndroidManifest.xml:1:11
	package
		ADDED from AndroidManifest.xml:2:9
		INJECTED from AndroidManifest.xml:0:0
		INJECTED from AndroidManifest.xml:0:0
original-package
ADDED from AndroidManifest.xml:4:5
	android:name
		ADDED from AndroidManifest.xml:4:23
uses-permission#android.permission.RECEIVE_BOOT_COMPLETED
ADDED from AndroidManifest.xml:7:5
	android:name
		ADDED from AndroidManifest.xml:7:22
uses-permission#android.permission.WAKE_LOCK
ADDED from AndroidManifest.xml:8:5
	android:name
		ADDED from AndroidManifest.xml:8:22
uses-permission#android.permission.VIBRATE
ADDED from AndroidManifest.xml:9:5
	android:name
		ADDED from AndroidManifest.xml:9:22
uses-permission#android.permission.WRITE_SETTINGS
ADDED from AndroidManifest.xml:10:5
	android:name
		ADDED from AndroidManifest.xml:10:22
uses-permission#android.permission.DISABLE_KEYGUARD
ADDED from AndroidManifest.xml:11:5
	android:name
		ADDED from AndroidManifest.xml:11:22
uses-permission#android.permission.READ_PHONE_STATE
ADDED from AndroidManifest.xml:12:5
	android:name
		ADDED from AndroidManifest.xml:12:22
uses-permission#android.permission.DEVICE_POWER
ADDED from AndroidManifest.xml:13:5
	android:name
		ADDED from AndroidManifest.xml:13:22
application
ADDED from AndroidManifest.xml:15:5
	android:label
		ADDED from AndroidManifest.xml:15:18
	android:icon
		ADDED from AndroidManifest.xml:16:18
provider#com.android.superdeskclock.AlarmProvider
ADDED from AndroidManifest.xml:18:9
	android:authorities
		ADDED from AndroidManifest.xml:18:48
	android:name
		ADDED from AndroidManifest.xml:18:19
activity#com.android.superdeskclock.DeskClock
ADDED from AndroidManifest.xml:20:9
	android:label
		ADDED from AndroidManifest.xml:21:17
	android:icon
		ADDED from AndroidManifest.xml:23:17
	android:configChanges
		ADDED from AndroidManifest.xml:25:17
	android:theme
		ADDED from AndroidManifest.xml:22:17
	android:name
		ADDED from AndroidManifest.xml:20:19
	android:launchMode
		ADDED from AndroidManifest.xml:24:17
meta-data#android.dock_home
ADDED from AndroidManifest.xml:29:13
	android:name
		ADDED from AndroidManifest.xml:29:24
	android:value
		ADDED from AndroidManifest.xml:29:57
intent-filter#android.intent.action.MAIN+android.intent.category.DEFAULT+android.intent.category.DESK_DOCK+android.intent.category.LAUNCHER
ADDED from AndroidManifest.xml:31:13
action#android.intent.action.MAIN
ADDED from AndroidManifest.xml:32:17
	android:name
		ADDED from AndroidManifest.xml:32:25
category#android.intent.category.DEFAULT
ADDED from AndroidManifest.xml:33:17
	android:name
		ADDED from AndroidManifest.xml:33:27
category#android.intent.category.LAUNCHER
ADDED from AndroidManifest.xml:34:17
	android:name
		ADDED from AndroidManifest.xml:34:27
category#android.intent.category.DESK_DOCK
ADDED from AndroidManifest.xml:35:17
	android:name
		ADDED from AndroidManifest.xml:35:27
activity#com.android.superdeskclock.AlarmClock
ADDED from AndroidManifest.xml:39:9
	android:label
		ADDED from AndroidManifest.xml:40:17
	android:configChanges
		ADDED from AndroidManifest.xml:43:17
	android:exported
		ADDED from AndroidManifest.xml:44:17
	android:excludeFromRecents
		ADDED from AndroidManifest.xml:42:17
	android:taskAffinity
		ADDED from AndroidManifest.xml:41:17
	android:name
		ADDED from AndroidManifest.xml:39:19
activity-alias#com.android.alarmclock.AlarmClock
ADDED from AndroidManifest.xml:46:9
	android:exported
		ADDED from AndroidManifest.xml:48:17
	android:targetActivity
		ADDED from AndroidManifest.xml:47:17
	android:name
		ADDED from AndroidManifest.xml:46:25
activity#com.android.superdeskclock.SettingsActivity
ADDED from AndroidManifest.xml:50:9
	android:label
		ADDED from AndroidManifest.xml:51:17
	android:excludeFromRecents
		ADDED from AndroidManifest.xml:53:17
	android:taskAffinity
		ADDED from AndroidManifest.xml:52:17
	android:name
		ADDED from AndroidManifest.xml:50:19
intent-filter#android.intent.action.MAIN
ADDED from AndroidManifest.xml:55:13
activity#com.android.superdeskclock.SetAlarm
ADDED from AndroidManifest.xml:60:9
	android:label
		ADDED from AndroidManifest.xml:60:43
	android:configChanges
		ADDED from AndroidManifest.xml:61:17
	android:name
		ADDED from AndroidManifest.xml:60:19
activity#com.android.superdeskclock.AlarmAlert
ADDED from AndroidManifest.xml:63:9
	android:configChanges
		ADDED from AndroidManifest.xml:68:17
	android:theme
		ADDED from AndroidManifest.xml:65:17
	android:excludeFromRecents
		ADDED from AndroidManifest.xml:64:17
	android:taskAffinity
		ADDED from AndroidManifest.xml:67:17
	android:name
		ADDED from AndroidManifest.xml:63:19
	android:launchMode
		ADDED from AndroidManifest.xml:66:17
activity#com.android.superdeskclock.AlarmAlertFullScreen
ADDED from AndroidManifest.xml:73:9
	android:configChanges
		ADDED from AndroidManifest.xml:78:17
	android:theme
		ADDED from AndroidManifest.xml:75:17
	android:excludeFromRecents
		ADDED from AndroidManifest.xml:74:17
	android:taskAffinity
		ADDED from AndroidManifest.xml:77:17
	android:name
		ADDED from AndroidManifest.xml:73:19
	android:launchMode
		ADDED from AndroidManifest.xml:76:17
receiver#com.android.superdeskclock.AlarmReceiver
ADDED from AndroidManifest.xml:80:9
	android:name
		ADDED from AndroidManifest.xml:80:19
intent-filter#alarm_killed+cancel_snooze+com.android.superdeskclock.ALARM_ALERT
ADDED from AndroidManifest.xml:81:13
action#com.android.superdeskclock.ALARM_ALERT
ADDED from AndroidManifest.xml:82:16
	android:name
		ADDED from AndroidManifest.xml:82:24
action#alarm_killed
ADDED from AndroidManifest.xml:83:16
	android:name
		ADDED from AndroidManifest.xml:83:24
action#cancel_snooze
ADDED from AndroidManifest.xml:84:16
	android:name
		ADDED from AndroidManifest.xml:84:24
service#com.android.superdeskclock.AlarmKlaxon
ADDED from AndroidManifest.xml:94:9
	android:name
		ADDED from AndroidManifest.xml:94:18
intent-filter#com.android.superdeskclock.ALARM_ALERT
ADDED from AndroidManifest.xml:95:13
receiver#com.android.superdeskclock.AlarmInitReceiver
ADDED from AndroidManifest.xml:100:9
	android:name
		ADDED from AndroidManifest.xml:100:19
intent-filter#android.intent.action.BOOT_COMPLETED+android.intent.action.LOCALE_CHANGED+android.intent.action.TIMEZONE_CHANGED+android.intent.action.TIME_SET
ADDED from AndroidManifest.xml:101:13
action#android.intent.action.BOOT_COMPLETED
ADDED from AndroidManifest.xml:102:17
	android:name
		ADDED from AndroidManifest.xml:102:25
action#android.intent.action.TIME_SET
ADDED from AndroidManifest.xml:103:17
	android:name
		ADDED from AndroidManifest.xml:103:25
action#android.intent.action.TIMEZONE_CHANGED
ADDED from AndroidManifest.xml:104:17
	android:name
		ADDED from AndroidManifest.xml:104:25
action#android.intent.action.LOCALE_CHANGED
ADDED from AndroidManifest.xml:105:17
	android:name
		ADDED from AndroidManifest.xml:105:25
receiver#com.android.alarmclock.AnalogAppWidgetProvider
ADDED from AndroidManifest.xml:109:9
	android:label
		ADDED from AndroidManifest.xml:109:81
	android:icon
		ADDED from AndroidManifest.xml:110:10
	android:name
		ADDED from AndroidManifest.xml:109:19
intent-filter#android.appwidget.action.APPWIDGET_UPDATE
ADDED from AndroidManifest.xml:111:13
action#android.appwidget.action.APPWIDGET_UPDATE
ADDED from AndroidManifest.xml:112:17
	android:name
		ADDED from AndroidManifest.xml:112:25
meta-data#android.appwidget.oldName
ADDED from AndroidManifest.xml:114:13
	android:name
		ADDED from AndroidManifest.xml:114:24
	android:value
		ADDED from AndroidManifest.xml:114:65
meta-data#android.appwidget.provider
ADDED from AndroidManifest.xml:115:13
	android:resource
		ADDED from AndroidManifest.xml:115:66
	android:name
		ADDED from AndroidManifest.xml:115:24
activity#com.android.superdeskclock.expand.CalcScreen
ADDED from AndroidManifest.xml:118:3
	android:label
		ADDED from AndroidManifest.xml:118:47
	android:configChanges
		ADDED from AndroidManifest.xml:119:10
	android:excludeFromRecents
		ADDED from AndroidManifest.xml:120:10
	android:taskAffinity
		ADDED from AndroidManifest.xml:120:80
	android:name
		ADDED from AndroidManifest.xml:118:13
	android:launchMode
		ADDED from AndroidManifest.xml:120:44
activity#com.android.superdeskclock.expand.ChooseBellActivity
ADDED from AndroidManifest.xml:121:9
	android:label
		ADDED from AndroidManifest.xml:121:61
	android:configChanges
		ADDED from AndroidManifest.xml:122:10
	android:taskAffinity
		ADDED from AndroidManifest.xml:122:81
	android:name
		ADDED from AndroidManifest.xml:121:19